Log file open, 09/21/19 15:28:32
LogWindows: Failed to load 'aqProf.dll' (GetLastError=126)
LogWindows: File 'aqProf.dll' does not exist
LogWindows: Failed to load 'VtuneApi.dll' (GetLastError=126)
LogWindows: File 'VtuneApi.dll' does not exist
LogWindows: Failed to load 'VtuneApi32e.dll' (GetLastError=126)
LogWindows: File 'VtuneApi32e.dll' does not exist
LogConsoleResponse: Display: Failed to find resolution value strings in scalability ini. Falling back to default.
LogInit: Display: Running engine for game: IS2019
LogPlatformFile: Not using cached read wrapper
LogTaskGraph: Started task graph with 5 named threads and 23 total threads with 3 sets of task threads.
LogStats: Stats thread started at 0.072933
LogD3D11RHI: Loaded GFSDK_Aftermath_Lib.x64.dll
LogICUInternationalization: ICU TimeZone Detection - Raw Offset: -7:00, Platform Override: ''
LogPluginManager: Mounting plugin Paper2D
LogPluginManager: Mounting plugin AISupport
LogPluginManager: Mounting plugin LightPropagationVolume
LogPluginManager: Mounting plugin ActorLayerUtilities
LogPluginManager: Mounting plugin AnimationSharing
LogPluginManager: Mounting plugin CLionSourceCodeAccess
LogPluginManager: Mounting plugin CodeLiteSourceCodeAccess
LogPluginManager: Mounting plugin GitSourceControl
LogPluginManager: Mounting plugin KDevelopSourceCodeAccess
LogPluginManager: Mounting plugin NullSourceCodeAccess
LogPluginManager: Mounting plugin PerforceSourceControl
LogPluginManager: Mounting plugin SubversionSourceControl
LogPluginManager: Mounting plugin UObjectPlugin
LogPluginManager: Mounting plugin VisualStudioCodeSourceCodeAccess
LogPluginManager: Mounting plugin VisualStudioSourceCodeAccess
LogPluginManager: Mounting plugin XCodeSourceCodeAccess
LogPluginManager: Mounting plugin AssetManagerEditor
LogPluginManager: Mounting plugin CryptoKeys
LogPluginManager: Mounting plugin CurveEditorTools
LogPluginManager: Mounting plugin DataValidation
LogPluginManager: Mounting plugin FacialAnimation
LogPluginManager: Mounting plugin GameplayTagsEditor
LogPluginManager: Mounting plugin MacGraphicsSwitching
LogPluginManager: Mounting plugin MaterialAnalyzer
LogPluginManager: Mounting plugin MobileLauncherProfileWizard
LogPluginManager: Mounting plugin PluginBrowser
LogPluginManager: Mounting plugin SpeedTreeImporter
LogPluginManager: Mounting plugin DatasmithContent
LogPluginManager: Mounting plugin VariantManagerContent
LogPluginManager: Mounting plugin AlembicImporter
LogPluginManager: Mounting plugin AutomationUtils
LogPluginManager: Mounting plugin BackChannel
LogPluginManager: Mounting plugin CharacterAI
LogPluginManager: Mounting plugin GeometryCache
LogPluginManager: Mounting plugin HTML5Networking
LogPluginManager: Mounting plugin PlatformCrypto
LogPluginManager: Mounting plugin ProxyLODPlugin
LogPluginManager: Mounting plugin SkeletalReduction
LogPluginManager: Mounting plugin MagicLeap
LogPluginManager: Mounting plugin MagicLeapMedia
LogPluginManager: Mounting plugin AndroidMedia
LogPluginManager: Mounting plugin AvfMedia
LogPluginManager: Mounting plugin ImgMedia
LogPluginManager: Mounting plugin MediaCompositing
LogPluginManager: Mounting plugin MediaPlayerEditor
LogPluginManager: Mounting plugin WebMMedia
LogPluginManager: Mounting plugin WmfMedia
LogPluginManager: Mounting plugin TcpMessaging
LogPluginManager: Mounting plugin UdpMessaging
LogPluginManager: Mounting plugin ActorSequence
LogPluginManager: Mounting plugin LevelSequenceEditor
LogPluginManager: Mounting plugin MatineeToLevelSequence
LogPluginManager: Mounting plugin NetcodeUnitTest
LogPluginManager: Mounting plugin NUTUnrealEngine4
LogPluginManager: Mounting plugin OnlineSubsystemGooglePlay
LogPluginManager: Mounting plugin OnlineSubsystemIOS
LogPluginManager: Mounting plugin OnlineSubsystem
LogPluginManager: Mounting plugin OnlineSubsystemNull
LogPluginManager: Mounting plugin OnlineSubsystemUtils
LogPluginManager: Mounting plugin LauncherChunkInstaller
LogPluginManager: Mounting plugin AndroidDeviceProfileSelector
LogPluginManager: Mounting plugin AndroidMoviePlayer
LogPluginManager: Mounting plugin AndroidPermission
LogPluginManager: Mounting plugin AppleImageUtils
LogPluginManager: Mounting plugin AppleMoviePlayer
LogPluginManager: Mounting plugin ArchVisCharacter
LogPluginManager: Mounting plugin AudioCapture
LogPluginManager: Mounting plugin CableComponent
LogPluginManager: Mounting plugin CustomMeshComponent
LogPluginManager: Mounting plugin EditableMesh
LogPluginManager: Mounting plugin ExampleDeviceProfileSelector
LogPluginManager: Mounting plugin GoogleCloudMessaging
LogPluginManager: Mounting plugin IOSDeviceProfileSelector
LogPluginManager: Mounting plugin LinuxDeviceProfileSelector
LogPluginManager: Mounting plugin LocationServicesBPLibrary
LogPluginManager: Mounting plugin MobilePatchingUtils
LogPluginManager: Mounting plugin OculusVR
LogPluginManager: Mounting plugin PhysXVehicles
LogPluginManager: Mounting plugin ProceduralMeshComponent
LogPluginManager: Mounting plugin RuntimePhysXCooking
LogPluginManager: Mounting plugin SignificanceManager
LogPluginManager: Mounting plugin SteamVR
LogPluginManager: Mounting plugin WebMMoviePlayer
LogPluginManager: Mounting plugin WindowsMoviePlayer
LogPluginManager: Mounting plugin ScreenshotTools
LogInit: Using libcurl 7.55.1-DEV
LogInit:  - built for x86_64-pc-win32
LogInit:  - supports SSL with OpenSSL/1.1.1
LogInit:  - supports HTTP deflate (compression) using libz 1.2.8
LogInit:  - other features:
LogInit:      CURL_VERSION_SSL
LogInit:      CURL_VERSION_LIBZ
LogInit:      CURL_VERSION_IPV6
LogInit:      CURL_VERSION_ASYNCHDNS
LogInit:      CURL_VERSION_LARGEFILE
LogInit:      CURL_VERSION_IDN
LogInit:  CurlRequestOptions (configurable via config and command line):
LogInit:  - bVerifyPeer = true  - Libcurl will verify peer certificate
LogInit:  - bUseHttpProxy = false  - Libcurl will NOT use HTTP proxy
LogInit:  - bDontReuseConnections = false  - Libcurl will reuse connections
LogInit:  - MaxHostConnections = 16  - Libcurl will limit the number of connections to a host
LogInit:  - LocalHostAddr = Default
LogInit:  - BufferSize = 65536
LogOnline: OSS: Creating online subsystem instance for: NULL
LogInit: WinSock: version 1.1 (2.2), MaxSocks=32767, MaxUdp=65467
LogInit: Build: ++UE4+Release-4.23-CL-8386587
LogInit: Engine Version: 4.23.0-8386587+++UE4+Release-4.23
LogInit: Compatible Engine Version: 4.23.0-8386587+++UE4+Release-4.23
LogInit: Net CL: 8386587
LogInit: OS: Windows 10 (Release 1903) (), CPU: Intel(R) Core(TM) i7-7820HK CPU @ 2.90GHz, GPU: NVIDIA GeForce GTX 1070
LogInit: Compiled (64-bit): Aug 31 2019 02:04:44
LogInit: Compiled with Visual C++: 19.16.27030.01
LogInit: Build Configuration: Development
LogInit: Branch Name: ++UE4+Release-4.23
LogInit: Command Line:  -EpicPortal -epicusername=thewolf2114 -epicuserid=f521cf8c67e04567b2af40f8edf327fe -epiclocale=en-US
LogInit: Base Directory: C:/Program Files/Epic Games/UE_4.23/Engine/Binaries/Win64/
LogInit: Installed Engine Build: 1
LogDevObjectVersion: Number of dev versions registered: 23
LogDevObjectVersion:   Dev-Blueprints (B0D832E4-1F89-4F0D-ACCF-7EB736FD4AA2): 10
LogDevObjectVersion:   Dev-Build (E1C64328-A22C-4D53-A36C-8E866417BD8C): 0
LogDevObjectVersion:   Dev-Core (375EC13C-06E4-48FB-B500-84F0262A717E): 3
LogDevObjectVersion:   Dev-Editor (E4B068ED-F494-42E9-A231-DA0B2E46BB41): 34
LogDevObjectVersion:   Dev-Framework (CFFC743F-43B0-4480-9391-14DF171D2073): 35
LogDevObjectVersion:   Dev-Mobile (B02B49B5-BB20-44E9-A304-32B752E40360): 2
LogDevObjectVersion:   Dev-Networking (A4E4105C-59A1-49B5-A7C5-40C4547EDFEE): 0
LogDevObjectVersion:   Dev-Online (39C831C9-5AE6-47DC-9A44-9C173E1C8E7C): 0
LogDevObjectVersion:   Dev-Physics (78F01B33-EBEA-4F98-B9B4-84EACCB95AA2): 0
LogDevObjectVersion:   Dev-Platform (6631380F-2D4D-43E0-8009-CF276956A95A): 0
LogDevObjectVersion:   Dev-Rendering (12F88B9F-8875-4AFC-A67C-D90C383ABD29): 31
LogDevObjectVersion:   Dev-Sequencer (7B5AE74C-D270-4C10-A958-57980B212A5A): 11
LogDevObjectVersion:   Dev-VR (D7296918-1DD6-4BDD-9DE2-64A83CC13884): 2
LogDevObjectVersion:   Dev-LoadTimes (C2A15278-BFE7-4AFE-6C17-90FF531DF755): 1
LogDevObjectVersion:   Private-Geometry (6EACA3D4-40EC-4CC1-B786-8BED09428FC5): 3
LogDevObjectVersion:   Dev-AnimPhys (29E575DD-E0A3-4627-9D10-D276232CDCEA): 17
LogDevObjectVersion:   Dev-Anim (AF43A65D-7FD3-4947-9873-3E8ED9C1BB05): 2
LogDevObjectVersion:   Dev-ReflectionCapture (6B266CEC-1EC7-4B8F-A30B-E4D90942FC07): 1
LogDevObjectVersion:   Dev-Automation (0DF73D61-A23F-47EA-B727-89E90C41499A): 1
LogDevObjectVersion:   FortniteMain (601D1886-AC64-4F84-AA16-D3DE0DEAC7D6): 27
LogDevObjectVersion:   Dev-Enterprise (9DFFBCD6-494F-0158-E221-12823C92A888): 6
LogDevObjectVersion:   Dev-Niagara (F2AED0AC-9AFE-416F-8664-AA7FFA26D6FC): 1
LogDevObjectVersion:   Dev-Destruction (174F1F0B-B4C6-45A5-B13F-2EE8D0FB917D): 9
LogInit: Presizing for max 16777216 objects, including 0 objects not considered by GC, pre-allocating 0 bytes for permanent pool.
LogInit: Object subsystem initialized
LogConfig: Setting CVar [[con.DebugEarlyDefault:1]]
LogConfig: Setting CVar [[r.setres:1280x720]]
[2019.09.21-21.28.32:631][  0]LogConfig: Setting CVar [[r.VSync:0]]
[2019.09.21-21.28.32:631][  0]LogConfig: Setting CVar [[r.RHICmdBypass:0]]
[2019.09.21-21.28.32:631][  0]LogConfig: Applying CVar settings from Section [/Script/Engine.RendererSettings] File [C:/Users/Rion Cole/Desktop/IS-2019/IS2019/Saved/Config/Windows/Engine.ini]
[2019.09.21-21.28.32:631][  0]LogConfig: Setting CVar [[r.GPUCrashDebugging:0]]
[2019.09.21-21.28.32:631][  0]LogConfig: Applying CVar settings from Section [/Script/Engine.RendererOverrideSettings] File [C:/Users/Rion Cole/Desktop/IS-2019/IS2019/Saved/Config/Windows/Engine.ini]
[2019.09.21-21.28.32:631][  0]LogConfig: Applying CVar settings from Section [/Script/Engine.StreamingSettings] File [C:/Users/Rion Cole/Desktop/IS-2019/IS2019/Saved/Config/Windows/Engine.ini]
[2019.09.21-21.28.32:631][  0]LogConfig: Setting CVar [[s.MinBulkDataSizeForAsyncLoading:131072]]
[2019.09.21-21.28.32:631][  0]LogConfig: Setting CVar [[s.AsyncLoadingThreadEnabled:0]]
[2019.09.21-21.28.32:631][  0]LogConfig: Setting CVar [[s.EventDrivenLoaderEnabled:1]]
[2019.09.21-21.28.32:631][  0]LogConfig: Setting CVar [[s.WarnIfTimeLimitExceeded:0]]
[2019.09.21-21.28.32:631][  0]LogConfig: Setting CVar [[s.TimeLimitExceededMultiplier:1.5]]
[2019.09.21-21.28.32:631][  0]LogConfig: Setting CVar [[s.TimeLimitExceededMinTime:0.005]]
[2019.09.21-21.28.32:631][  0]LogConfig: Setting CVar [[s.UseBackgroundLevelStreaming:1]]
[2019.09.21-21.28.32:631][  0]LogConfig: Setting CVar [[s.PriorityAsyncLoadingExtraTime:15.0]]
[2019.09.21-21.28.32:631][  0]LogConfig: Setting CVar [[s.LevelStreamingActorsUpdateTimeLimit:5.0]]
[2019.09.21-21.28.32:631][  0]LogConfig: Setting CVar [[s.PriorityLevelStreamingActorsUpdateExtraTime:5.0]]
[2019.09.21-21.28.32:631][  0]LogConfig: Setting CVar [[s.LevelStreamingComponentsRegistrationGranularity:10]]
[2019.09.21-21.28.32:631][  0]LogConfig: Setting CVar [[s.UnregisterComponentsTimeLimit:1.0]]
[2019.09.21-21.28.32:631][  0]LogConfig: Setting CVar [[s.LevelStreamingComponentsUnregistrationGranularity:5]]
[2019.09.21-21.28.32:631][  0]LogConfig: Applying CVar settings from Section [/Script/Engine.GarbageCollectionSettings] File [C:/Users/Rion Cole/Desktop/IS-2019/IS2019/Saved/Config/Windows/Engine.ini]
[2019.09.21-21.28.32:631][  0]LogConfig: Setting CVar [[gc.MaxObjectsNotConsideredByGC:1]]
[2019.09.21-21.28.32:631][  0]LogConfig: Setting CVar [[gc.SizeOfPermanentObjectPool:0]]
[2019.09.21-21.28.32:631][  0]LogConfig: Setting CVar [[gc.FlushStreamingOnGC:0]]
[2019.09.21-21.28.32:631][  0]LogConfig: Setting CVar [[gc.NumRetriesBeforeForcingGC:10]]
[2019.09.21-21.28.32:631][  0]LogConfig: Setting CVar [[gc.AllowParallelGC:1]]
[2019.09.21-21.28.32:631][  0]LogConfig: Setting CVar [[gc.TimeBetweenPurgingPendingKillObjects:61.1]]
[2019.09.21-21.28.32:631][  0]LogConfig: Setting CVar [[gc.MaxObjectsInEditor:16777216]]
[2019.09.21-21.28.32:631][  0]LogConfig: Setting CVar [[gc.IncrementalBeginDestroyEnabled:1]]
[2019.09.21-21.28.32:631][  0]LogConfig: Setting CVar [[gc.CreateGCClusters:1]]
[2019.09.21-21.28.32:631][  0]LogConfig: Setting CVar [[gc.MinGCClusterSize:5]]
[2019.09.21-21.28.32:631][  0]LogConfig: Setting CVar [[gc.ActorClusteringEnabled:0]]
[2019.09.21-21.28.32:631][  0]LogConfig: Setting CVar [[gc.BlueprintClusteringEnabled:0]]
[2019.09.21-21.28.32:631][  0]LogConfig: Setting CVar [[gc.UseDisregardForGCOnDedicatedServers:0]]
[2019.09.21-21.28.32:631][  0]LogConfig: Applying CVar settings from Section [/Script/Engine.NetworkSettings] File [C:/Users/Rion Cole/Desktop/IS-2019/IS2019/Saved/Config/Windows/Engine.ini]
[2019.09.21-21.28.32:631][  0]LogConfig: Applying CVar settings from Section [/Script/UnrealEd.CookerSettings] File [C:/Users/Rion Cole/Desktop/IS-2019/IS2019/Saved/Config/Windows/Engine.ini]
[2019.09.21-21.28.32:633][  0]LogConfig: Applying CVar settings from Section [ViewDistanceQuality@3] File [C:/Users/Rion Cole/Desktop/IS-2019/IS2019/Saved/Config/Windows/Scalability.ini]
[2019.09.21-21.28.32:633][  0]LogConfig: Setting CVar [[r.SkeletalMeshLODBias:0]]
[2019.09.21-21.28.32:633][  0]LogConfig: Setting CVar [[r.ViewDistanceScale:1.0]]
[2019.09.21-21.28.32:633][  0]LogConfig: Applying CVar settings from Section [AntiAliasingQuality@3] File [C:/Users/Rion Cole/Desktop/IS-2019/IS2019/Saved/Config/Windows/Scalability.ini]
[2019.09.21-21.28.32:633][  0]LogConfig: Setting CVar [[r.PostProcessAAQuality:4]]
[2019.09.21-21.28.32:633][  0]LogConfig: Applying CVar settings from Section [ShadowQuality@3] File [C:/Users/Rion Cole/Desktop/IS-2019/IS2019/Saved/Config/Windows/Scalability.ini]
[2019.09.21-21.28.32:633][  0]LogConfig: Setting CVar [[r.LightFunctionQuality:1]]
[2019.09.21-21.28.32:633][  0]LogConfig: Setting CVar [[r.ShadowQuality:5]]
[2019.09.21-21.28.32:633][  0]LogConfig: Setting CVar [[r.Shadow.CSM.MaxCascades:10]]
[2019.09.21-21.28.32:633][  0]LogConfig: Setting CVar [[r.Shadow.MaxResolution:2048]]
[2019.09.21-21.28.32:633][  0]LogConfig: Setting CVar [[r.Shadow.MaxCSMResolution:2048]]
[2019.09.21-21.28.32:633][  0]LogConfig: Setting CVar [[r.Shadow.RadiusThreshold:0.01]]
[2019.09.21-21.28.32:633][  0]LogConfig: Setting CVar [[r.Shadow.DistanceScale:1.0]]
[2019.09.21-21.28.32:633][  0]LogConfig: Setting CVar [[r.Shadow.CSM.TransitionScale:1.0]]
[2019.09.21-21.28.32:633][  0]LogConfig: Setting CVar [[r.Shadow.PreShadowResolutionFactor:1.0]]
[2019.09.21-21.28.32:633][  0]LogConfig: Setting CVar [[r.DistanceFieldShadowing:1]]
[2019.09.21-21.28.32:633][  0]LogConfig: Setting CVar [[r.DistanceFieldAO:1]]
[2019.09.21-21.28.32:633][  0]LogConfig: Setting CVar [[r.AOQuality:2]]
[2019.09.21-21.28.32:633][  0]LogConfig: Setting CVar [[r.VolumetricFog:1]]
[2019.09.21-21.28.32:633][  0]LogConfig: Setting CVar [[r.VolumetricFog.GridPixelSize:8]]
[2019.09.21-21.28.32:633][  0]LogConfig: Setting CVar [[r.VolumetricFog.GridSizeZ:128]]
[2019.09.21-21.28.32:633][  0]LogConfig: Setting CVar [[r.VolumetricFog.HistoryMissSupersampleCount:4]]
[2019.09.21-21.28.32:633][  0]LogConfig: Setting CVar [[r.LightMaxDrawDistanceScale:1]]
[2019.09.21-21.28.32:633][  0]LogConfig: Setting CVar [[r.CapsuleShadows:1]]
[2019.09.21-21.28.32:633][  0]LogConfig: Applying CVar settings from Section [PostProcessQuality@3] File [C:/Users/Rion Cole/Desktop/IS-2019/IS2019/Saved/Config/Windows/Scalability.ini]
[2019.09.21-21.28.32:633][  0]LogConfig: Setting CVar [[r.MotionBlurQuality:4]]
[2019.09.21-21.28.32:633][  0]LogConfig: Setting CVar [[r.AmbientOcclusionMipLevelFactor:0.4]]
[2019.09.21-21.28.32:633][  0]LogConfig: Setting CVar [[r.AmbientOcclusionMaxQuality:100]]
[2019.09.21-21.28.32:633][  0]LogConfig: Setting CVar [[r.AmbientOcclusionLevels:-1]]
[2019.09.21-21.28.32:633][  0]LogConfig: Setting CVar [[r.AmbientOcclusionRadiusScale:1.0]]
[2019.09.21-21.28.32:633][  0]LogConfig: Setting CVar [[r.DepthOfFieldQuality:2]]
[2019.09.21-21.28.32:633][  0]LogConfig: Setting CVar [[r.RenderTargetPoolMin:400]]
[2019.09.21-21.28.32:633][  0]LogConfig: Setting CVar [[r.LensFlareQuality:2]]
[2019.09.21-21.28.32:633][  0]LogConfig: Setting CVar [[r.SceneColorFringeQuality:1]]
[2019.09.21-21.28.32:633][  0]LogConfig: Setting CVar [[r.EyeAdaptationQuality:2]]
[2019.09.21-21.28.32:633][  0]LogConfig: Setting CVar [[r.BloomQuality:5]]
[2019.09.21-21.28.32:633][  0]LogConfig: Setting CVar [[r.FastBlurThreshold:100]]
[2019.09.21-21.28.32:633][  0]LogConfig: Setting CVar [[r.Upscale.Quality:3]]
[2019.09.21-21.28.32:633][  0]LogConfig: Setting CVar [[r.Tonemapper.GrainQuantization:1]]
[2019.09.21-21.28.32:633][  0]LogConfig: Setting CVar [[r.LightShaftQuality:1]]
[2019.09.21-21.28.32:633][  0]LogConfig: Setting CVar [[r.Filter.SizeScale:1]]
[2019.09.21-21.28.32:633][  0]LogConfig: Setting CVar [[r.Tonemapper.Quality:5]]
[2019.09.21-21.28.32:633][  0]LogConfig: Setting CVar [[r.DOF.Gather.AccumulatorQuality:1        ; higher gathering accumulator quality]]
[2019.09.21-21.28.32:633][  0]LogConfig: Setting CVar [[r.DOF.Gather.PostfilterMethod:1          ; Median3x3 postfilering method]]
[2019.09.21-21.28.32:633][  0]LogConfig: Setting CVar [[r.DOF.Gather.EnableBokehSettings:0       ; no bokeh simulation when gathering]]
[2019.09.21-21.28.32:633][  0]LogConfig: Setting CVar [[r.DOF.Gather.RingCount:4                 ; medium number of samples when gathering]]
[2019.09.21-21.28.32:633][  0]LogConfig: Setting CVar [[r.DOF.Scatter.ForegroundCompositing:1    ; additive foreground scattering]]
[2019.09.21-21.28.32:633][  0]LogConfig: Setting CVar [[r.DOF.Scatter.BackgroundCompositing:2    ; additive background scattering]]
[2019.09.21-21.28.32:633][  0]LogConfig: Setting CVar [[r.DOF.Scatter.EnableBokehSettings:1      ; bokeh simulation when scattering]]
[2019.09.21-21.28.32:633][  0]LogConfig: Setting CVar [[r.DOF.Scatter.MaxSpriteRatio:0.1         ; only a maximum of 10% of scattered bokeh]]
[2019.09.21-21.28.32:633][  0]LogConfig: Setting CVar [[r.DOF.Recombine.Quality:1                ; cheap slight out of focus]]
[2019.09.21-21.28.32:633][  0]LogConfig: Setting CVar [[r.DOF.Recombine.EnableBokehSettings:0    ; no bokeh simulation on slight out of focus]]
[2019.09.21-21.28.32:633][  0]LogConfig: Setting CVar [[r.DOF.TemporalAAQuality:1                ; more stable temporal accumulation]]
[2019.09.21-21.28.32:634][  0]LogConfig: Setting CVar [[r.DOF.Kernel.MaxForegroundRadius:0.025]]
[2019.09.21-21.28.32:634][  0]LogConfig: Setting CVar [[r.DOF.Kernel.MaxBackgroundRadius:0.025]]
[2019.09.21-21.28.32:634][  0]LogConfig: Applying CVar settings from Section [TextureQuality@3] File [C:/Users/Rion Cole/Desktop/IS-2019/IS2019/Saved/Config/Windows/Scalability.ini]
[2019.09.21-21.28.32:634][  0]LogConfig: Setting CVar [[r.Streaming.MipBias:0]]
[2019.09.21-21.28.32:634][  0]LogConfig: Setting CVar [[r.Streaming.AmortizeCPUToGPUCopy:0]]
[2019.09.21-21.28.32:634][  0]LogConfig: Setting CVar [[r.Streaming.MaxNumTexturesToStreamPerFrame:0]]
[2019.09.21-21.28.32:634][  0]LogConfig: Setting CVar [[r.Streaming.Boost:1]]
[2019.09.21-21.28.32:634][  0]LogConfig: Setting CVar [[r.MaxAnisotropy:8]]
[2019.09.21-21.28.32:634][  0]LogConfig: Setting CVar [[r.Streaming.LimitPoolSizeToVRAM:0]]
[2019.09.21-21.28.32:634][  0]LogConfig: Setting CVar [[r.Streaming.PoolSize:1000]]
[2019.09.21-21.28.32:634][  0]LogConfig: Setting CVar [[r.Streaming.MaxEffectiveScreenSize:0]]
[2019.09.21-21.28.32:634][  0]LogConfig: Applying CVar settings from Section [EffectsQuality@3] File [C:/Users/Rion Cole/Desktop/IS-2019/IS2019/Saved/Config/Windows/Scalability.ini]
[2019.09.21-21.28.32:634][  0]LogConfig: Setting CVar [[r.TranslucencyLightingVolumeDim:64]]
[2019.09.21-21.28.32:634][  0]LogConfig: Setting CVar [[r.RefractionQuality:2]]
[2019.09.21-21.28.32:634][  0]LogConfig: Setting CVar [[r.SSR.Quality:3]]
[2019.09.21-21.28.32:634][  0]LogConfig: Setting CVar [[r.SceneColorFormat:4]]
[2019.09.21-21.28.32:634][  0]LogConfig: Setting CVar [[r.DetailMode:2]]
[2019.09.21-21.28.32:634][  0]LogConfig: Setting CVar [[r.TranslucencyVolumeBlur:1]]
[2019.09.21-21.28.32:634][  0]LogConfig: Setting CVar [[r.MaterialQualityLevel:1 ; High quality]]
[2019.09.21-21.28.32:634][  0]LogConfig: Setting CVar [[r.SSS.Scale:1]]
[2019.09.21-21.28.32:634][  0]LogConfig: Setting CVar [[r.SSS.SampleSet:2]]
[2019.09.21-21.28.32:634][  0]LogConfig: Setting CVar [[r.SSS.Quality:1]]
[2019.09.21-21.28.32:634][  0]LogConfig: Setting CVar [[r.SSS.HalfRes:1]]
[2019.09.21-21.28.32:634][  0]LogConfig: Setting CVar [[r.EmitterSpawnRateScale:1.0]]
[2019.09.21-21.28.32:634][  0]LogConfig: Setting CVar [[r.ParticleLightQuality:2]]
[2019.09.21-21.28.32:634][  0]LogConfig: Applying CVar settings from Section [FoliageQuality@3] File [C:/Users/Rion Cole/Desktop/IS-2019/IS2019/Saved/Config/Windows/Scalability.ini]
[2019.09.21-21.28.32:634][  0]LogConfig: Setting CVar [[foliage.DensityScale:1.0]]
[2019.09.21-21.28.32:634][  0]LogConfig: Setting CVar [[grass.DensityScale:1.0]]
[2019.09.21-21.28.32:634][  0]LogInit: Selected Device Profile: [Windows]
[2019.09.21-21.28.32:634][  0]LogInit: Applying CVar settings loaded from the selected device profile: [Windows]
[2019.09.21-21.28.32:636][  0]LogHAL: Display: Platform has ~ 16 GB [17134227456 / 17179869184 / 16], which maps to Larger [LargestMinGB=32, LargerMinGB=12, DefaultMinGB=8, SmallerMinGB=6, SmallestMinGB=0)
[2019.09.21-21.28.32:636][  0]LogInit: Going up to parent DeviceProfile []
[2019.09.21-21.28.32:636][  0]LogConfig: Applying CVar settings from Section [ViewDistanceQuality@3] File [C:/Users/Rion Cole/Desktop/IS-2019/IS2019/Saved/Config/Windows/Scalability.ini]
[2019.09.21-21.28.32:636][  0]LogConfig: Setting CVar [[r.SkeletalMeshLODBias:0]]
[2019.09.21-21.28.32:636][  0]LogConfig: Setting CVar [[r.ViewDistanceScale:1.0]]
[2019.09.21-21.28.32:636][  0]LogConfig: Applying CVar settings from Section [AntiAliasingQuality@3] File [C:/Users/Rion Cole/Desktop/IS-2019/IS2019/Saved/Config/Windows/Scalability.ini]
[2019.09.21-21.28.32:636][  0]LogConfig: Setting CVar [[r.PostProcessAAQuality:4]]
[2019.09.21-21.28.32:636][  0]LogConfig: Applying CVar settings from Section [ShadowQuality@3] File [C:/Users/Rion Cole/Desktop/IS-2019/IS2019/Saved/Config/Windows/Scalability.ini]
[2019.09.21-21.28.32:636][  0]LogConfig: Setting CVar [[r.LightFunctionQuality:1]]
[2019.09.21-21.28.32:636][  0]LogConfig: Setting CVar [[r.ShadowQuality:5]]
[2019.09.21-21.28.32:636][  0]LogConfig: Setting CVar [[r.Shadow.CSM.MaxCascades:10]]
[2019.09.21-21.28.32:636][  0]LogConfig: Setting CVar [[r.Shadow.MaxResolution:2048]]
[2019.09.21-21.28.32:636][  0]LogConfig: Setting CVar [[r.Shadow.MaxCSMResolution:2048]]
[2019.09.21-21.28.32:636][  0]LogConfig: Setting CVar [[r.Shadow.RadiusThreshold:0.01]]
[2019.09.21-21.28.32:636][  0]LogConfig: Setting CVar [[r.Shadow.DistanceScale:1.0]]
[2019.09.21-21.28.32:636][  0]LogConfig: Setting CVar [[r.Shadow.CSM.TransitionScale:1.0]]
[2019.09.21-21.28.32:637][  0]LogConfig: Setting CVar [[r.Shadow.PreShadowResolutionFactor:1.0]]
[2019.09.21-21.28.32:637][  0]LogConfig: Setting CVar [[r.DistanceFieldShadowing:1]]
[2019.09.21-21.28.32:637][  0]LogConfig: Setting CVar [[r.DistanceFieldAO:1]]
[2019.09.21-21.28.32:637][  0]LogConfig: Setting CVar [[r.AOQuality:2]]
[2019.09.21-21.28.32:637][  0]LogConfig: Setting CVar [[r.VolumetricFog:1]]
[2019.09.21-21.28.32:637][  0]LogConfig: Setting CVar [[r.VolumetricFog.GridPixelSize:8]]
[2019.09.21-21.28.32:637][  0]LogConfig: Setting CVar [[r.VolumetricFog.GridSizeZ:128]]
[2019.09.21-21.28.32:637][  0]LogConfig: Setting CVar [[r.VolumetricFog.HistoryMissSupersampleCount:4]]
[2019.09.21-21.28.32:637][  0]LogConfig: Setting CVar [[r.LightMaxDrawDistanceScale:1]]
[2019.09.21-21.28.32:637][  0]LogConfig: Setting CVar [[r.CapsuleShadows:1]]
[2019.09.21-21.28.32:637][  0]LogConfig: Applying CVar settings from Section [PostProcessQuality@3] File [C:/Users/Rion Cole/Desktop/IS-2019/IS2019/Saved/Config/Windows/Scalability.ini]
[2019.09.21-21.28.32:637][  0]LogConfig: Setting CVar [[r.MotionBlurQuality:4]]
[2019.09.21-21.28.32:637][  0]LogConfig: Setting CVar [[r.AmbientOcclusionMipLevelFactor:0.4]]
[2019.09.21-21.28.32:637][  0]LogConfig: Setting CVar [[r.AmbientOcclusionMaxQuality:100]]
[2019.09.21-21.28.32:637][  0]LogConfig: Setting CVar [[r.AmbientOcclusionLevels:-1]]
[2019.09.21-21.28.32:637][  0]LogConfig: Setting CVar [[r.AmbientOcclusionRadiusScale:1.0]]
[2019.09.21-21.28.32:637][  0]LogConfig: Setting CVar [[r.DepthOfFieldQuality:2]]
[2019.09.21-21.28.32:637][  0]LogConfig: Setting CVar [[r.RenderTargetPoolMin:400]]
[2019.09.21-21.28.32:637][  0]LogConfig: Setting CVar [[r.LensFlareQuality:2]]
[2019.09.21-21.28.32:637][  0]LogConfig: Setting CVar [[r.SceneColorFringeQuality:1]]
[2019.09.21-21.28.32:637][  0]LogConfig: Setting CVar [[r.EyeAdaptationQuality:2]]
[2019.09.21-21.28.32:637][  0]LogConfig: Setting CVar [[r.BloomQuality:5]]
[2019.09.21-21.28.32:637][  0]LogConfig: Setting CVar [[r.FastBlurThreshold:100]]
[2019.09.21-21.28.32:637][  0]LogConfig: Setting CVar [[r.Upscale.Quality:3]]
[2019.09.21-21.28.32:637][  0]LogConfig: Setting CVar [[r.Tonemapper.GrainQuantization:1]]
[2019.09.21-21.28.32:637][  0]LogConfig: Setting CVar [[r.LightShaftQuality:1]]
[2019.09.21-21.28.32:637][  0]LogConfig: Setting CVar [[r.Filter.SizeScale:1]]
[2019.09.21-21.28.32:637][  0]LogConfig: Setting CVar [[r.Tonemapper.Quality:5]]
[2019.09.21-21.28.32:637][  0]LogConfig: Setting CVar [[r.DOF.Gather.AccumulatorQuality:1        ; higher gathering accumulator quality]]
[2019.09.21-21.28.32:637][  0]LogConfig: Setting CVar [[r.DOF.Gather.PostfilterMethod:1          ; Median3x3 postfilering method]]
[2019.09.21-21.28.32:637][  0]LogConfig: Setting CVar [[r.DOF.Gather.EnableBokehSettings:0       ; no bokeh simulation when gathering]]
[2019.09.21-21.28.32:637][  0]LogConfig: Setting CVar [[r.DOF.Gather.RingCount:4                 ; medium number of samples when gathering]]
[2019.09.21-21.28.32:637][  0]LogConfig: Setting CVar [[r.DOF.Scatter.ForegroundCompositing:1    ; additive foreground scattering]]
[2019.09.21-21.28.32:637][  0]LogConfig: Setting CVar [[r.DOF.Scatter.BackgroundCompositing:2    ; additive background scattering]]
[2019.09.21-21.28.32:637][  0]LogConfig: Setting CVar [[r.DOF.Scatter.EnableBokehSettings:1      ; bokeh simulation when scattering]]
[2019.09.21-21.28.32:637][  0]LogConfig: Setting CVar [[r.DOF.Scatter.MaxSpriteRatio:0.1         ; only a maximum of 10% of scattered bokeh]]
[2019.09.21-21.28.32:637][  0]LogConfig: Setting CVar [[r.DOF.Recombine.Quality:1                ; cheap slight out of focus]]
[2019.09.21-21.28.32:637][  0]LogConfig: Setting CVar [[r.DOF.Recombine.EnableBokehSettings:0    ; no bokeh simulation on slight out of focus]]
[2019.09.21-21.28.32:637][  0]LogConfig: Setting CVar [[r.DOF.TemporalAAQuality:1                ; more stable temporal accumulation]]
[2019.09.21-21.28.32:637][  0]LogConfig: Setting CVar [[r.DOF.Kernel.MaxForegroundRadius:0.025]]
[2019.09.21-21.28.32:637][  0]LogConfig: Setting CVar [[r.DOF.Kernel.MaxBackgroundRadius:0.025]]
[2019.09.21-21.28.32:637][  0]LogConfig: Applying CVar settings from Section [TextureQuality@3] File [C:/Users/Rion Cole/Desktop/IS-2019/IS2019/Saved/Config/Windows/Scalability.ini]
[2019.09.21-21.28.32:637][  0]LogConfig: Setting CVar [[r.Streaming.MipBias:0]]
[2019.09.21-21.28.32:637][  0]LogConfig: Setting CVar [[r.Streaming.AmortizeCPUToGPUCopy:0]]
[2019.09.21-21.28.32:637][  0]LogConfig: Setting CVar [[r.Streaming.MaxNumTexturesToStreamPerFrame:0]]
[2019.09.21-21.28.32:637][  0]LogConfig: Setting CVar [[r.Streaming.Boost:1]]
[2019.09.21-21.28.32:637][  0]LogConfig: Setting CVar [[r.MaxAnisotropy:8]]
[2019.09.21-21.28.32:637][  0]LogConfig: Setting CVar [[r.Streaming.LimitPoolSizeToVRAM:0]]
[2019.09.21-21.28.32:637][  0]LogConfig: Setting CVar [[r.Streaming.PoolSize:1000]]
[2019.09.21-21.28.32:637][  0]LogConfig: Setting CVar [[r.Streaming.MaxEffectiveScreenSize:0]]
[2019.09.21-21.28.32:637][  0]LogConfig: Applying CVar settings from Section [EffectsQuality@3] File [C:/Users/Rion Cole/Desktop/IS-2019/IS2019/Saved/Config/Windows/Scalability.ini]
[2019.09.21-21.28.32:637][  0]LogConfig: Setting CVar [[r.TranslucencyLightingVolumeDim:64]]
[2019.09.21-21.28.32:637][  0]LogConfig: Setting CVar [[r.RefractionQuality:2]]
[2019.09.21-21.28.32:637][  0]LogConfig: Setting CVar [[r.SSR.Quality:3]]
[2019.09.21-21.28.32:637][  0]LogConfig: Setting CVar [[r.SceneColorFormat:4]]
[2019.09.21-21.28.32:637][  0]LogConfig: Setting CVar [[r.DetailMode:2]]
[2019.09.21-21.28.32:637][  0]LogConfig: Setting CVar [[r.TranslucencyVolumeBlur:1]]
[2019.09.21-21.28.32:637][  0]LogConfig: Setting CVar [[r.MaterialQualityLevel:1 ; High quality]]
[2019.09.21-21.28.32:637][  0]LogConfig: Setting CVar [[r.SSS.Scale:1]]
[2019.09.21-21.28.32:638][  0]LogConfig: Setting CVar [[r.SSS.SampleSet:2]]
[2019.09.21-21.28.32:638][  0]LogConfig: Setting CVar [[r.SSS.Quality:1]]
[2019.09.21-21.28.32:638][  0]LogConfig: Setting CVar [[r.SSS.HalfRes:1]]
[2019.09.21-21.28.32:638][  0]LogConfig: Setting CVar [[r.EmitterSpawnRateScale:1.0]]
[2019.09.21-21.28.32:638][  0]LogConfig: Setting CVar [[r.ParticleLightQuality:2]]
[2019.09.21-21.28.32:638][  0]LogConfig: Applying CVar settings from Section [FoliageQuality@3] File [C:/Users/Rion Cole/Desktop/IS-2019/IS2019/Saved/Config/Windows/Scalability.ini]
[2019.09.21-21.28.32:638][  0]LogConfig: Setting CVar [[foliage.DensityScale:1.0]]
[2019.09.21-21.28.32:638][  0]LogConfig: Setting CVar [[grass.DensityScale:1.0]]
[2019.09.21-21.28.32:638][  0]LogConfig: Applying CVar settings from Section [Startup] File [../../../Engine/Config/ConsoleVariables.ini]
[2019.09.21-21.28.32:638][  0]LogConfig: Setting CVar [[net.UseAdaptiveNetUpdateFrequency:0]]
[2019.09.21-21.28.32:638][  0]LogConfig: Setting CVar [[p.chaos.AllowCreatePhysxBodies:1]]
[2019.09.21-21.28.32:638][  0]LogConfig: Applying CVar settings from Section [ConsoleVariables] File [C:/Users/Rion Cole/Desktop/IS-2019/IS2019/Saved/Config/Windows/Engine.ini]
[2019.09.21-21.28.32:638][  0]LogInit: Computer: DESKTOP-MB607TI
[2019.09.21-21.28.32:638][  0]LogInit: User: RionCole
[2019.09.21-21.28.32:638][  0]LogInit: CPU Page size=4096, Cores=4
[2019.09.21-21.28.32:638][  0]LogInit: High frequency timer resolution =10.000000 MHz
[2019.09.21-21.28.32:638][  0]LogMemory: Memory total: Physical=16.0GB (16GB approx)
[2019.09.21-21.28.32:638][  0]LogMemory: Platform Memory Stats for Windows
[2019.09.21-21.28.32:638][  0]LogMemory: Process Physical Memory: 100.41 MB used, 100.42 MB peak
[2019.09.21-21.28.32:638][  0]LogMemory: Process Virtual Memory: 88.72 MB used, 88.72 MB peak
[2019.09.21-21.28.32:638][  0]LogMemory: Physical Memory: 5773.62 MB used,  10566.85 MB free, 16340.47 MB total
[2019.09.21-21.28.32:638][  0]LogMemory: Virtual Memory: 4657.30 MB used,  134213072.00 MB free, 134217728.00 MB total
[2019.09.21-21.28.32:945][  0]LogWindows: WindowsPlatformFeatures enabled
[2019.09.21-21.28.32:966][  0]LogInit: Using OS detected language (en-US).
[2019.09.21-21.28.32:966][  0]LogInit: Using OS detected locale (en-US).
[2019.09.21-21.28.32:967][  0]LogTextLocalizationManager: No specific localization for 'en-US' exists, so the 'en' localization will be used.
[2019.09.21-21.28.33:100][  0]LogInit: Setting process to per monitor DPI aware
[2019.09.21-21.28.33:132][  0]LogSlate: New Slate User Created.  User Index 0, Is Virtual User: 0
[2019.09.21-21.28.33:132][  0]LogSlate: Slate User Registered.  User Index 0, Is Virtual User: 0
[2019.09.21-21.28.33:260][  0]LogHMD: Failed to initialize OpenVR with code 110
[2019.09.21-21.28.33:260][  0]LogD3D11RHI: D3D11 adapters:
[2019.09.21-21.28.33:303][  0]LogD3D11RHI:    0. 'NVIDIA GeForce GTX 1070' (Feature Level 11_0)
[2019.09.21-21.28.33:303][  0]LogD3D11RHI:       8089/0/8170 MB DedicatedVideo/DedicatedSystem/SharedSystem, Outputs:1, VendorId:0x10de
[2019.09.21-21.28.33:306][  0]LogD3D11RHI:    1. 'Microsoft Basic Render Driver' (Feature Level 11_0)
[2019.09.21-21.28.33:306][  0]LogD3D11RHI:       0/0/8170 MB DedicatedVideo/DedicatedSystem/SharedSystem, Outputs:0, VendorId:0x1414
[2019.09.21-21.28.33:306][  0]LogD3D11RHI: Chosen D3D11 Adapter: 0
[2019.09.21-21.28.33:316][  0]LogD3D11RHI: Creating new Direct3DDevice
[2019.09.21-21.28.33:316][  0]LogD3D11RHI:     GPU DeviceId: 0x1be1 (for the marketing name, search the web for "GPU Device Id")
[2019.09.21-21.28.33:316][  0]LogWindows: EnumDisplayDevices:
[2019.09.21-21.28.33:316][  0]LogWindows:    0. 'NVIDIA GeForce GTX 1070' (P:1 D:1)
[2019.09.21-21.28.33:316][  0]LogWindows:    1. 'NVIDIA GeForce GTX 1070' (P:0 D:0)
[2019.09.21-21.28.33:316][  0]LogWindows:    2. 'NVIDIA GeForce GTX 1070' (P:0 D:0)
[2019.09.21-21.28.33:317][  0]LogWindows:    3. 'NVIDIA GeForce GTX 1070' (P:0 D:0)
[2019.09.21-21.28.33:317][  0]LogWindows: DebugString: FoundDriverCount:4 
[2019.09.21-21.28.33:317][  0]LogD3D11RHI:     Adapter Name: NVIDIA GeForce GTX 1070
[2019.09.21-21.28.33:317][  0]LogD3D11RHI:   Driver Version: 388.57 (internal:23.21.13.8857, unified:388.57)
[2019.09.21-21.28.33:317][  0]LogD3D11RHI:      Driver Date: 12-4-2017
[2019.09.21-21.28.33:317][  0]LogRHI: Texture pool is 5662 MB (70% of 8089 MB)
[2019.09.21-21.28.33:344][  0]LogD3D11RHI: Async texture creation enabled
[2019.09.21-21.28.33:354][  0]LogD3D11RHI: GPU Timing Frequency: 1000.000000 (Debug: 2 1)
[2019.09.21-21.28.33:672][  0]LogTemp: Display: Module 'AllDesktopTargetPlatform' loaded TargetPlatform 'AllDesktop'
[2019.09.21-21.28.33:680][  0]LogTemp: Display: Module 'MacClientTargetPlatform' loaded TargetPlatform 'MacClient'
[2019.09.21-21.28.33:688][  0]LogTemp: Display: Module 'MacNoEditorTargetPlatform' loaded TargetPlatform 'MacNoEditor'
[2019.09.21-21.28.33:695][  0]LogTemp: Display: Module 'MacServerTargetPlatform' loaded TargetPlatform 'MacServer'
[2019.09.21-21.28.33:703][  0]LogTemp: Display: Module 'MacTargetPlatform' loaded TargetPlatform 'Mac'
[2019.09.21-21.28.33:711][  0]LogTemp: Display: Module 'WindowsClientTargetPlatform' loaded TargetPlatform 'WindowsClient'
[2019.09.21-21.28.33:719][  0]LogTemp: Display: Module 'WindowsNoEditorTargetPlatform' loaded TargetPlatform 'WindowsNoEditor'
[2019.09.21-21.28.33:726][  0]LogTemp: Display: Module 'WindowsServerTargetPlatform' loaded TargetPlatform 'WindowsServer'
[2019.09.21-21.28.33:731][  0]LogTemp: Display: Module 'WindowsTargetPlatform' loaded TargetPlatform 'Windows'
[2019.09.21-21.28.33:755][  0]LogTemp: Display: Module 'AndroidTargetPlatform' loaded TargetPlatform 'Android'
[2019.09.21-21.28.33:755][  0]LogTemp: Display: Module 'AndroidTargetPlatform' loaded TargetPlatform 'Android_ASTC'
[2019.09.21-21.28.33:755][  0]LogTemp: Display: Module 'AndroidTargetPlatform' loaded TargetPlatform 'Android_ATC'
[2019.09.21-21.28.33:756][  0]LogTemp: Display: Module 'AndroidTargetPlatform' loaded TargetPlatform 'Android_DXT'
[2019.09.21-21.28.33:756][  0]LogTemp: Display: Module 'AndroidTargetPlatform' loaded TargetPlatform 'Android_ETC1'
[2019.09.21-21.28.33:756][  0]LogTemp: Display: Module 'AndroidTargetPlatform' loaded TargetPlatform 'Android_ETC1a'
[2019.09.21-21.28.33:756][  0]LogTemp: Display: Module 'AndroidTargetPlatform' loaded TargetPlatform 'Android_ETC2'
[2019.09.21-21.28.33:756][  0]LogTemp: Display: Module 'AndroidTargetPlatform' loaded TargetPlatform 'Android_PVRTC'
[2019.09.21-21.28.33:756][  0]LogTemp: Display: Module 'AndroidTargetPlatform' loaded TargetPlatform 'AndroidClient'
[2019.09.21-21.28.33:756][  0]LogTemp: Display: Module 'AndroidTargetPlatform' loaded TargetPlatform 'Android_ASTCClient'
[2019.09.21-21.28.33:756][  0]LogTemp: Display: Module 'AndroidTargetPlatform' loaded TargetPlatform 'Android_ATCClient'
[2019.09.21-21.28.33:756][  0]LogTemp: Display: Module 'AndroidTargetPlatform' loaded TargetPlatform 'Android_DXTClient'
[2019.09.21-21.28.33:756][  0]LogTemp: Display: Module 'AndroidTargetPlatform' loaded TargetPlatform 'Android_ETC1Client'
[2019.09.21-21.28.33:756][  0]LogTemp: Display: Module 'AndroidTargetPlatform' loaded TargetPlatform 'Android_ETC1aClient'
[2019.09.21-21.28.33:756][  0]LogTemp: Display: Module 'AndroidTargetPlatform' loaded TargetPlatform 'Android_ETC2Client'
[2019.09.21-21.28.33:756][  0]LogTemp: Display: Module 'AndroidTargetPlatform' loaded TargetPlatform 'Android_PVRTCClient'
[2019.09.21-21.28.33:756][  0]LogTemp: Display: Module 'AndroidTargetPlatform' loaded TargetPlatform 'Android_Multi'
[2019.09.21-21.28.33:756][  0]LogTemp: Display: Module 'AndroidTargetPlatform' loaded TargetPlatform 'Android_MultiClient'
[2019.09.21-21.28.33:757][  0]LogTemp: Display: Module 'HTML5TargetPlatform' loaded TargetPlatform 'HTML5'
[2019.09.21-21.28.33:772][  0]LogTemp: Display: Module 'IOSTargetPlatform' loaded TargetPlatform 'IOSClient'
[2019.09.21-21.28.33:772][  0]LogTemp: Display: Module 'IOSTargetPlatform' loaded TargetPlatform 'IOS'
[2019.09.21-21.28.33:782][  0]LogTemp: Display: Module 'TVOSTargetPlatform' loaded TargetPlatform 'TVOSClient'
[2019.09.21-21.28.33:782][  0]LogTemp: Display: Module 'TVOSTargetPlatform' loaded TargetPlatform 'TVOS'
[2019.09.21-21.28.33:788][  0]LogTemp: Display: Module 'LinuxClientTargetPlatform' loaded TargetPlatform 'LinuxClient'
[2019.09.21-21.28.33:793][  0]LogTemp: Display: Module 'LinuxNoEditorTargetPlatform' loaded TargetPlatform 'LinuxNoEditor'
[2019.09.21-21.28.33:798][  0]LogTemp: Display: Module 'LinuxServerTargetPlatform' loaded TargetPlatform 'LinuxServer'
[2019.09.21-21.28.33:804][  0]LogTemp: Display: Module 'LinuxTargetPlatform' loaded TargetPlatform 'Linux'
[2019.09.21-21.28.33:822][  0]LogTemp: Display: Module 'LuminTargetPlatform' loaded TargetPlatform 'Lumin'
[2019.09.21-21.28.33:822][  0]LogTemp: Display: Module 'LuminTargetPlatform' loaded TargetPlatform 'LuminClient'
[2019.09.21-21.28.33:822][  0]LogTargetPlatformManager: Display: Building Assets For Windows
[2019.09.21-21.28.33:831][  0]LogAudioDebug: Display: Lib vorbis DLL was dynamically loaded.
[2019.09.21-21.28.33:884][  0]LogShaderCompilers: Guid format shader working directory is -7 characters bigger than the processId version (../../../../../../Users/Rion Cole/Desktop/IS-2019/IS2019/Intermediate/Shaders/WorkingDirectory/12464/).
[2019.09.21-21.28.33:884][  0]LogShaderCompilers: Cleaned the shader compiler working directory 'C:/Users/Rion Cole/AppData/Local/Temp/UnrealShaderWorkingDir/F21C993F4AD2D16E7136E4BE9CE22A3B/'.
[2019.09.21-21.28.33:886][  0]LogXGEController: Cannot use XGE Controller as Incredibuild is not installed on this machine.
[2019.09.21-21.28.33:887][  0]LogShaderCompilers: Cannot use XGE Shader Compiler as Incredibuild is not installed on this machine.
[2019.09.21-21.28.33:887][  0]LogShaderCompilers: Display: Using Local Shader Compiler.
[2019.09.21-21.28.34:360][  0]LogDerivedDataCache: Display: Max Cache Size: 512 MB
[2019.09.21-21.28.34:405][  0]LogDerivedDataCache: Loaded boot cache 0.05s 76MB C:/Users/Rion Cole/AppData/Local/UnrealEngine/4.23/DerivedDataCache/Boot.ddc.
[2019.09.21-21.28.34:405][  0]LogDerivedDataCache: Display: Loaded Boot cache: C:/Users/Rion Cole/AppData/Local/UnrealEngine/4.23/DerivedDataCache/Boot.ddc
[2019.09.21-21.28.34:406][  0]LogDerivedDataCache: FDerivedDataBackendGraph:  Pak pak cache file ../../../../../../Users/Rion Cole/Desktop/IS-2019/IS2019/DerivedDataCache/DDC.ddp not found, will not use a pak cache.
[2019.09.21-21.28.34:406][  0]LogDerivedDataCache: Unable to find inner node Pak for hierarchical cache Hierarchy.
[2019.09.21-21.28.34:406][  0]LogDerivedDataCache: FDerivedDataBackendGraph:  CompressedPak pak cache file ../../../../../../Users/Rion Cole/Desktop/IS-2019/IS2019/DerivedDataCache/Compressed.ddp not found, will not use a pak cache.
[2019.09.21-21.28.34:406][  0]LogDerivedDataCache: Unable to find inner node CompressedPak for hierarchical cache Hierarchy.
[2019.09.21-21.28.34:415][  0]LogDerivedDataCache: Display: Pak cache opened for reading ../../../Engine/DerivedDataCache/Compressed.ddp.
[2019.09.21-21.28.34:415][  0]LogDerivedDataCache: FDerivedDataBackendGraph:  EnterprisePak pak cache file ../../../Enterprise/DerivedDataCache/Compressed.ddp not found, will not use a pak cache.
[2019.09.21-21.28.34:415][  0]LogDerivedDataCache: Unable to find inner node EnterprisePak for hierarchical cache Hierarchy.
[2019.09.21-21.28.34:416][  0]LogDerivedDataCache: Using Local data cache path C:/Users/Rion Cole/AppData/Local/UnrealEngine/Common/DerivedDataCache: Writable
[2019.09.21-21.28.34:416][  0]LogDerivedDataCache: Shared data cache path not found in *engine.ini, will not use an Shared cache.
[2019.09.21-21.28.34:416][  0]LogDerivedDataCache: Unable to find inner node Shared for hierarchical cache Hierarchy.
[2019.09.21-21.28.34:432][  0]LogMaterial: Verifying Global Shaders for PCD3D_SM5
[2019.09.21-21.28.34:434][  0]LogSlate: Using FreeType 2.6.0
[2019.09.21-21.28.34:434][  0]LogSlate: SlateFontServices - WITH_FREETYPE: 1, WITH_HARFBUZZ: 1
[2019.09.21-21.28.34:478][  0]LogAssetRegistry: FAssetRegistry took 0.0019 seconds to start up
[2019.09.21-21.28.34:678][  0]LogInit: Selected Device Profile: [Windows]
[2019.09.21-21.28.34:794][  0]LogMeshReduction: Using QuadricMeshReduction for automatic static mesh reduction
[2019.09.21-21.28.34:794][  0]LogMeshReduction: Using SimplygonMeshReduction for automatic skeletal mesh reduction
[2019.09.21-21.28.34:794][  0]LogMeshReduction: Using ProxyLODMeshReduction for automatic mesh merging
[2019.09.21-21.28.34:794][  0]LogMeshReduction: No distributed automatic mesh merging module available
[2019.09.21-21.28.34:794][  0]LogMeshMerging: No distributed automatic mesh merging module available
[2019.09.21-21.28.34:801][  0]LogNetVersion: IS2019 1.0.0, NetCL: 8386587, EngineNetVer: 11, GameNetVer: 0 (Checksum: 3744975543)
[2019.09.21-21.28.35:141][  0]LogPackageLocalizationCache: Processed 12 localized package path(s) for 1 prioritized culture(s) in 0.040929 seconds
[2019.09.21-21.28.35:146][  0]LogUObjectArray: 43444 objects as part of root set at end of initial load.
[2019.09.21-21.28.35:146][  0]LogUObjectAllocator: 7548648 out of 0 bytes used by permanent object pool.
[2019.09.21-21.28.35:146][  0]LogUObjectArray: CloseDisregardForGC: 0/0 objects in disregard for GC pool
[2019.09.21-21.28.35:817][  0]LogTcpMessaging: Initializing TcpMessaging bridge
[2019.09.21-21.28.35:819][  0]LogUdpMessaging: Initializing bridge on interface 0.0.0.0:0 to multicast group 230.0.0.1:6666.
[2019.09.21-21.28.36:005][  0]SourceControl: Source control is disabled
[2019.09.21-21.28.36:005][  0]SourceControl: Source control is disabled
[2019.09.21-21.28.36:006][  0]SourceControl: Source control is disabled
[2019.09.21-21.28.36:006][  0]SourceControl: Source control is disabled
[2019.09.21-21.28.36:080][  0]LogAndroidPermission: UAndroidPermissionCallbackProxy::GetInstance
[2019.09.21-21.28.36:171][  0]LogOcInput: OculusInput pre-init called
[2019.09.21-21.28.36:176][  0]LogWindows: Failed to load 'OVRPlugin.dll' (GetLastError=126)
[2019.09.21-21.28.36:176][  0]LogWindows: File 'OVRPlugin.dll' does not exist
[2019.09.21-21.28.36:229][  0]LogEngine: Initializing Engine...
[2019.09.21-21.28.36:229][  0]LogHMD: Failed to initialize OpenVR with code 110
[2019.09.21-21.28.36:230][  0]LogStats: UGameplayTagsManager::InitializeManager -  0.000 s
[2019.09.21-21.28.36:408][  0]LogInit: Initializing FReadOnlyCVARCache
[2019.09.21-21.28.36:431][  0]LogAIModule: Creating AISystem for world Untitled
[2019.09.21-21.28.36:491][  0]LogInit: XAudio2 using 'Speakers (Realtek High Definition Audio)' : 6 channels at 48 kHz using 32 bits per sample (channel mask 0x3f)
[2019.09.21-21.28.36:598][  0]LogInit: FAudioDevice initialized.
[2019.09.21-21.28.36:598][  0]LogNetVersion: Set ProjectVersion to 1.0.0.0. Version Checksum will be recalculated on next use.
[2019.09.21-21.28.36:641][  0]LogDerivedDataCache: Saved boot cache 0.04s 78MB C:/Users/Rion Cole/AppData/Local/UnrealEngine/4.23/DerivedDataCache/Boot.ddc.
[2019.09.21-21.28.36:646][  0]LogInit: Texture streaming: Enabled
[2019.09.21-21.28.36:665][  0]LogEngineSessionManager: EngineSessionManager initialized
[2019.09.21-21.28.36:730][  0]LogInit: Transaction tracking system initialized
[2019.09.21-21.28.36:767][  0]BlueprintLog: New page: Editor Load
[2019.09.21-21.28.36:854][  0]LocalizationService: Localization service is disabled
[2019.09.21-21.28.37:091][  0]LogFileCache: Scanning file cache for directory 'C:/Users/Rion Cole/Desktop/IS-2019/IS2019/Content/' took 0.01s
[2019.09.21-21.28.37:091][  0]LogCook: Display: Max memory allowance for cook 16384mb min free memory 0mb
[2019.09.21-21.28.37:091][  0]LogCook: Display: Mobile HDR setting 1
[2019.09.21-21.28.37:257][  0]SourceControl: Source control is disabled
[2019.09.21-21.28.37:257][  0]Cmd: MAP LOAD FILE="../../../../../../Users/Rion Cole/Desktop/IS-2019/IS2019/Content/FirstPersonCPP/Maps/FirstPersonExampleMap.umap" TEMPLATE=0 SHOWPROGRESS=1 FEATURELEVEL=3
[2019.09.21-21.28.37:261][  0]LightingResults: New page: Lighting Build
[2019.09.21-21.28.37:264][  0]LogWorld: UWorld::CleanupWorld for Untitled, bSessionEnded=true, bCleanupResources=true
[2019.09.21-21.28.37:264][  0]MapCheck: New page: Map Check
[2019.09.21-21.28.37:265][  0]LightingResults: New page: Lighting Build
[2019.09.21-21.28.37:285][  0]LogUObjectHash: Compacting FUObjectHashTables data took   1.54ms
[2019.09.21-21.28.37:380][  0]LogAIModule: Creating AISystem for world FirstPersonExampleMap
[2019.09.21-21.28.37:386][  0]LogEditorServer: Finished looking for orphan Actors (0.000 secs)
[2019.09.21-21.28.37:407][  0]LogUObjectHash: Compacting FUObjectHashTables data took   1.49ms
[2019.09.21-21.28.37:407][  0]Cmd: MAP CHECKDEP NOCLEARLOG
[2019.09.21-21.28.37:407][  0]MapCheck: Map check complete: 0 Error(s), 0 Warning(s), took 0.139ms to complete.
[2019.09.21-21.28.37:407][  0]LogFileHelpers: Loading map 'FirstPersonExampleMap' took 0.151
[2019.09.21-21.28.37:500][  0]LogSlate: Updating window title bar state: overlay mode, drag disabled, window buttons hidden, title bar hidden
[2019.09.21-21.28.37:505][  0]LogSlate: Updating window title bar state: overlay mode, drag disabled, window buttons hidden, title bar hidden
[2019.09.21-21.28.37:510][  0]LogSlate: Updating window title bar state: overlay mode, drag disabled, window buttons hidden, title bar hidden
[2019.09.21-21.28.37:516][  0]LogSlate: Updating window title bar state: overlay mode, drag disabled, window buttons hidden, title bar hidden
[2019.09.21-21.28.37:523][  0]LogCollectionManager: Loaded 0 collections in 0.002277 seconds
[2019.09.21-21.28.37:530][  0]LogFileCache: Scanning file cache for directory 'C:/Users/Rion Cole/Desktop/IS-2019/IS2019/Saved/Collections/' took 0.00s
[2019.09.21-21.28.37:530][  0]LogFileCache: Scanning file cache for directory 'C:/Users/Rion Cole/Desktop/IS-2019/IS2019/Content/Developers/RionCole/Collections/' took 0.00s
[2019.09.21-21.28.37:530][  0]LogFileCache: Scanning file cache for directory 'C:/Users/Rion Cole/Desktop/IS-2019/IS2019/Content/Collections/' took 0.00s
[2019.09.21-21.28.37:530][  0]LogCollectionManager: Rebuilt the GUID cache for 0 collections in 0.000001 seconds
[2019.09.21-21.28.37:536][  0]LogContentBrowser: Native class hierarchy populated in 0.0065 seconds. Added 2868 classes and 682 folders.
[2019.09.21-21.28.37:548][  0]LogContentBrowser: Native class hierarchy updated for 'WidgetCarousel' in 0.0003 seconds. Added 0 classes and 0 folders.
[2019.09.21-21.28.37:581][  0]LogContentBrowser: Native class hierarchy updated for 'AddContentDialog' in 0.0002 seconds. Added 0 classes and 0 folders.
[2019.09.21-21.28.37:588][  0]LogContentBrowser: Native class hierarchy updated for 'SceneOutliner' in 0.0003 seconds. Added 1 classes and 2 folders.
[2019.09.21-21.28.37:601][  0]LogSlate: Took 0.000136 seconds to synchronously load lazily loaded font '../../../Engine/Content/Slate/Fonts/Roboto-Regular.ttf' (155K)
[2019.09.21-21.28.37:603][  0]LogSlate: Took 0.000148 seconds to synchronously load lazily loaded font '../../../Engine/Content/Slate/Fonts/Roboto-Bold.ttf' (160K)
[2019.09.21-21.28.37:606][  0]LogSlate: Took 0.000122 seconds to synchronously load lazily loaded font '../../../Engine/Content/Editor/Slate/Fonts/FontAwesome.ttf' (139K)
[2019.09.21-21.28.37:655][  0]LogRenderer: Reallocating scene render targets to support 1208x572 Format 10 NumSamples 1 (Frame:1).
[2019.09.21-21.28.37:689][  0]LogSlate: Took 0.000129 seconds to synchronously load lazily loaded font '../../../Engine/Content/Slate/Fonts/Roboto-Light.ttf' (167K)
[2019.09.21-21.28.37:779][  0]LogContentBrowser: Native class hierarchy updated for 'HierarchicalLODOutliner' in 0.0003 seconds. Added 0 classes and 0 folders.
[2019.09.21-21.28.37:779][  0]LogLoad: (Engine Initialization) Total time: 6.23 seconds
[2019.09.21-21.28.37:779][  0]LogLoad: (Engine Initialization) Total Blueprint compile time: 0.00 seconds
[2019.09.21-21.28.37:849][  0]LogContentStreaming: Texture pool size now 1000 MB
[2019.09.21-21.28.37:890][  1]LogFileCache: Retrieving MD5 hashes for directory 'C:/Users/Rion Cole/Desktop/IS-2019/IS2019/Content/' took 0.09s
[2019.09.21-21.28.37:925][  1]LogAssetRegistry: Asset discovery search completed in 3.4488 seconds
[2019.09.21-21.28.37:929][  1]LogCollectionManager: Rebuilt the object cache for 0 collections in 0.000004 seconds (found 0 objects)
[2019.09.21-21.28.37:929][  1]LogCollectionManager: Fixed up redirectors for 0 collections in 0.000055 seconds (updated 0 objects)
[2019.09.21-21.28.52:981][ 46]LogSlate: FSceneViewport::OnFocusLost() reason 0
[2019.09.21-21.28.57:601][323]LogSlate: Took 0.000119 seconds to synchronously load lazily loaded font '../../../Engine/Content/Slate/Fonts/Roboto-Light.ttf' (167K)
[2019.09.21-21.28.57:785][323]LogAIModule: Creating AISystem for world RionAITestScene
[2019.09.21-21.28.57:791][323]LogAssetEditorManager: Opening Asset editor for World /Game/Maps/RionAITestScene.RionAITestScene
[2019.09.21-21.28.57:808][323]LogUObjectHash: Compacting FUObjectHashTables data took   1.06ms
[2019.09.21-21.28.57:809][323]Cmd: MAP LOAD FILE="../../../../../../Users/Rion Cole/Desktop/IS-2019/IS2019/Content/Maps/RionAITestScene.umap" TEMPLATE=0 SHOWPROGRESS=1 FEATURELEVEL=3
[2019.09.21-21.28.57:809][323]LightingResults: New page: Lighting Build
[2019.09.21-21.28.57:809][323]LoadErrors: New page: Loading map: RionAITestScene.umap
[2019.09.21-21.28.57:810][323]LogWorld: UWorld::CleanupWorld for FirstPersonExampleMap, bSessionEnded=true, bCleanupResources=true
[2019.09.21-21.28.57:810][323]MapCheck: New page: Map Check
[2019.09.21-21.28.57:810][323]LightingResults: New page: Lighting Build
[2019.09.21-21.28.57:829][323]LogUObjectHash: Compacting FUObjectHashTables data took   1.47ms
[2019.09.21-21.28.57:832][323]LogEditorServer: Finished looking for orphan Actors (0.000 secs)
[2019.09.21-21.28.57:851][323]LogUObjectHash: Compacting FUObjectHashTables data took   1.29ms
[2019.09.21-21.28.57:870][323]Cmd: MAP CHECKDEP NOCLEARLOG
[2019.09.21-21.28.57:870][323]MapCheck: Map check complete: 0 Error(s), 0 Warning(s), took 0.102ms to complete.
[2019.09.21-21.28.57:870][323]LogFileHelpers: Loading map 'RionAITestScene' took 0.062
[2019.09.21-21.30.18:406][149]LogSlate: Took 0.000283 seconds to synchronously load lazily loaded font '../../../Engine/Content/Slate/Fonts/Roboto-BoldCondensed.ttf' (158K)
[2019.09.21-21.30.35:885][197]LogAssetEditorManager: Opening Asset editor for Blueprint /Game/Blueprints/BP_Vintage.BP_Vintage
[2019.09.21-21.30.36:078][197]LogContentBrowser: Native class hierarchy updated for 'BlueprintGraph' in 0.0005 seconds. Added 121 classes and 0 folders.
[2019.09.21-21.30.36:704][197]LogSlate: Window 'Add Blueprint Class' being destroyed
[2019.09.21-21.30.36:750][197]LogRenderer: Reallocating scene render targets to support 1208x712 Format 10 NumSamples 1 (Frame:1).
[2019.09.21-21.30.39:183][342]LogSlate: Took 0.006126 seconds to synchronously load lazily loaded font '../../../Engine/Content/Slate/Fonts/Roboto-Italic.ttf' (157K)
[2019.09.21-21.31.01:731][688]LogSlate: FSceneViewport::OnFocusLost() reason 2
[2019.09.21-21.31.06:484][970]LogMaterial: Display: Material /Engine/Tutorial/SubEditors/TutorialAssets/TutorialMaterial.TutorialMaterial needed to have new flag set bUsedWithSkeletalMesh !
[2019.09.21-21.31.06:487][970]LogMaterial: Display: Missing cached shader map for material TutorialMaterial, compiling. 
[2019.09.21-21.31.06:563][971]LogShaderCompilers: Display: Worker (1/5): shaders left to compile 60
[2019.09.21-21.31.06:563][971]LogShaderCompilers: Display: Worker (2/5): shaders left to compile 50
[2019.09.21-21.31.06:563][971]LogShaderCompilers: Display: Worker (3/5): shaders left to compile 40
[2019.09.21-21.31.06:563][971]LogShaderCompilers: Display: Worker (4/5): shaders left to compile 30
[2019.09.21-21.31.09:650][ 86]LogShaderCompilers: Display: Worker (1/5): shaders left to compile 20
[2019.09.21-21.31.09:735][ 89]LogShaderCompilers: Display: Worker (3/5): shaders left to compile 14
[2019.09.21-21.31.10:438][114]LogSlate: FSceneViewport::OnFocusLost() reason 2
[2019.09.21-21.31.10:451][114]LogSlate: Prevented a slow task dialog from being summoned while a context menu was open
[2019.09.21-21.31.10:495][115]LogShaderCompilers: Display: Worker (4/5): shaders left to compile 10
[2019.09.21-21.31.10:932][136]LogShaderCompilers: Display: Worker (1/5): shaders left to compile 7
[2019.09.21-21.31.11:146][146]LogShaderCompilers: Display: Worker (3/5): shaders left to compile 5
[2019.09.21-21.31.11:653][172]LogShaderCompilers: Display: Worker (4/5): shaders left to compile 3
[2019.09.21-21.31.11:687][174]LogShaderCompilers: Display: Worker (2/5): shaders left to compile 2
[2019.09.21-21.31.11:844][183]LogShaderCompilers: Display: Worker (3/5): shaders left to compile 1
[2019.09.21-21.31.14:887][365]LogSlate: Prevented a slow task dialog from being summoned while a context menu was open
[2019.09.21-21.31.17:395][514]LogSlate: FSceneViewport::OnFocusLost() reason 2
[2019.09.21-21.31.40:856][913]LogMaterial: Display: Material /Game/StarterContent/Props/Materials/M_Frame.M_Frame needed to have new flag set bUsedWithSkeletalMesh !
[2019.09.21-21.31.40:858][913]LogMaterial: Display: Missing cached shader map for material M_Frame, compiling. 
[2019.09.21-21.31.40:921][914]LogShaderCompilers: Display: Worker (1/5): shaders left to compile 69
[2019.09.21-21.31.40:921][914]LogShaderCompilers: Display: Worker (2/5): shaders left to compile 59
[2019.09.21-21.31.40:921][914]LogShaderCompilers: Display: Worker (3/5): shaders left to compile 49
[2019.09.21-21.31.40:921][914]LogShaderCompilers: Display: Worker (4/5): shaders left to compile 39
[2019.09.21-21.31.44:011][ 27]LogShaderCompilers: Display: Worker (4/5): shaders left to compile 29
[2019.09.21-21.31.44:109][ 31]LogShaderCompilers: Display: Worker (1/5): shaders left to compile 21
[2019.09.21-21.31.45:550][ 84]LogShaderCompilers: Display: Worker (1/5): shaders left to compile 15
[2019.09.21-21.31.45:779][ 93]LogShaderCompilers: Display: Worker (3/5): shaders left to compile 11
[2019.09.21-21.31.46:342][114]LogShaderCompilers: Display: Worker (2/5): shaders left to compile 8
[2019.09.21-21.31.46:982][138]LogShaderCompilers: Display: Worker (1/5): shaders left to compile 5
[2019.09.21-21.31.47:037][140]LogShaderCompilers: Display: Worker (3/5): shaders left to compile 3
[2019.09.21-21.31.47:246][148]LogShaderCompilers: Display: Worker (4/5): shaders left to compile 2
[2019.09.21-21.31.47:474][156]LogShaderCompilers: Display: Worker (3/5): shaders left to compile 1
[2019.09.21-21.31.50:482][331]LogSlate: FSceneViewport::OnFocusLost() reason 0
[2019.09.21-21.32.41:253][330]BlueprintLog: New page: Compile BP_Vintage
[2019.09.21-21.32.41:409][330]LogUObjectHash: Compacting FUObjectHashTables data took   2.78ms
[2019.09.21-21.32.42:024][365]Cmd: OBJ SAVEPACKAGE PACKAGE="/Game/Blueprints/BP_Vintage" FILE="../../../../../../Users/Rion Cole/Desktop/IS-2019/IS2019/Content/Blueprints/BP_Vintage.uasset" SILENT=true
[2019.09.21-21.32.42:044][365]LogSavePackage: Moving '../../../../../../Users/Rion Cole/Desktop/IS-2019/IS2019/Saved/BP_VintageA7D37448450E965E7958C4A60C4230E8.tmp' to '../../../../../../Users/Rion Cole/Desktop/IS-2019/IS2019/Content/Blueprints/BP_Vintage.uasset'
[2019.09.21-21.32.44:747][527]LogSlate: Window 'BP_Vintage' being destroyed
[2019.09.21-21.32.58:154][329]LogSlate: FSceneViewport::OnFocusLost() reason 0
[2019.09.21-21.32.58:920][375]LogTemp: Repeating last play command: Selected Viewport
[2019.09.21-21.32.58:935][375]LogBlueprintUserMessages: Early PlayInEditor Detection: Level '/Game/Maps/RionAITestScene.RionAITestScene:PersistentLevel' has LevelScriptBlueprint '/Game/Maps/RionAITestScene.RionAITestScene:PersistentLevel.RionAITestScene' with GeneratedClass '/Game/Maps/RionAITestScene.RionAITestScene_C' with ClassGeneratedBy '/Game/Maps/RionAITestScene.RionAITestScene:PersistentLevel.RionAITestScene'
[2019.09.21-21.32.58:935][375]LogPlayLevel: PlayLevel: No blueprints needed recompiling
[2019.09.21-21.32.58:935][375]PIE: New page: PIE session: RionAITestScene (Sep 21, 2019, 9:32:58 AM)
[2019.09.21-21.32.58:936][375]LogOnline: OSS: Creating online subsystem instance for: NULL
[2019.09.21-21.32.58:937][375]LogPlayLevel: Creating play world package: /Game/Maps/UEDPIE_0_RionAITestScene
[2019.09.21-21.32.58:943][375]LogPlayLevel: PIE: StaticDuplicateObject took: (0.005648s)
[2019.09.21-21.32.58:944][375]LogAIModule: Creating AISystem for world RionAITestScene
[2019.09.21-21.32.58:944][375]LogPlayLevel: PIE: World Init took: (0.000877s)
[2019.09.21-21.32.58:944][375]LogPlayLevel: PIE: Created PIE world by copying editor world from /Game/Maps/RionAITestScene.RionAITestScene to /Game/Maps/UEDPIE_0_RionAITestScene.RionAITestScene (0.006790s)
[2019.09.21-21.32.58:968][375]LogUObjectHash: Compacting FUObjectHashTables data took   2.30ms
[2019.09.21-21.32.58:981][375]LogInit: XAudio2 using 'Speakers (Realtek High Definition Audio)' : 6 channels at 48 kHz using 32 bits per sample (channel mask 0x3f)
[2019.09.21-21.32.59:028][375]LogInit: FAudioDevice initialized.
[2019.09.21-21.32.59:034][375]LogLoad: Game class is 'IS2019GameMode'
[2019.09.21-21.32.59:037][375]LogWorld: Bringing World /Game/Maps/UEDPIE_0_RionAITestScene.RionAITestScene up for play (max tick rate 60) at 2019.09.21-15.32.59
[2019.09.21-21.32.59:038][375]LogWorld: Bringing up level for play took: 0.002178
[2019.09.21-21.32.59:038][375]LogOnline: OSS: Creating online subsystem instance for: :Context_5
[2019.09.21-21.32.59:049][375]LogContentBrowser: Native class hierarchy updated for 'MovieSceneCapture' in 0.0003 seconds. Added 20 classes and 0 folders.
[2019.09.21-21.32.59:053][375]PIE: Play in editor start time for /Game/Maps/UEDPIE_0_RionAITestScene -0.176
[2019.09.21-21.32.59:053][375]LogBlueprintUserMessages: Late PlayInEditor Detection: Level '/Game/Maps/RionAITestScene.RionAITestScene:PersistentLevel' has LevelScriptBlueprint '/Game/Maps/RionAITestScene.RionAITestScene:PersistentLevel.RionAITestScene' with GeneratedClass '/Game/Maps/RionAITestScene.RionAITestScene_C' with ClassGeneratedBy '/Game/Maps/RionAITestScene.RionAITestScene:PersistentLevel.RionAITestScene'
[2019.09.21-21.33.06:464][806]LogBlueprintUserMessages: Early EndPlayMap Detection: Level '/Game/Maps/RionAITestScene.RionAITestScene:PersistentLevel' has LevelScriptBlueprint '/Game/Maps/RionAITestScene.RionAITestScene:PersistentLevel.RionAITestScene' with GeneratedClass '/Game/Maps/RionAITestScene.RionAITestScene_C' with ClassGeneratedBy '/Game/Maps/RionAITestScene.RionAITestScene:PersistentLevel.RionAITestScene'
[2019.09.21-21.33.06:465][806]LogSlate: Updating window title bar state: overlay mode, drag disabled, window buttons hidden, title bar hidden
[2019.09.21-21.33.06:465][806]LogWorld: BeginTearingDown for /Game/Maps/UEDPIE_0_RionAITestScene
[2019.09.21-21.33.06:465][806]LogWorld: UWorld::CleanupWorld for RionAITestScene, bSessionEnded=true, bCleanupResources=true
[2019.09.21-21.33.06:476][806]LogPlayLevel: Display: Shutting down PIE online subsystems
[2019.09.21-21.33.06:476][806]LogBlueprintUserMessages: Late EndPlayMap Detection: Level '/Game/Maps/RionAITestScene.RionAITestScene:PersistentLevel' has LevelScriptBlueprint '/Game/Maps/RionAITestScene.RionAITestScene:PersistentLevel.RionAITestScene' with GeneratedClass '/Game/Maps/RionAITestScene.RionAITestScene_C' with ClassGeneratedBy '/Game/Maps/RionAITestScene.RionAITestScene:PersistentLevel.RionAITestScene'
[2019.09.21-21.33.06:511][806]LogSlate: Updating window title bar state: overlay mode, drag disabled, window buttons hidden, title bar hidden
[2019.09.21-21.33.06:527][806]LogUObjectHash: Compacting FUObjectHashTables data took   2.98ms
[2019.09.21-21.33.06:575][809]LogPlayLevel: Display: Destroying online subsystem :Context_5
[2019.09.21-21.33.09:643][993]LogSlate: FSceneViewport::OnFocusLost() reason 0
[2019.09.21-21.33.21:756][719]LogSlate: Prevented a slow task dialog from being summoned while a context menu was open
[2019.09.21-21.34.37:893][286]LogHttp: Warning: 000002AD0F5BD800: invalid HTTP response code received. URL: https://datarouter.ol.epicgames.com/datarouter/api/v1/public/data?SessionID=%7B4BF9C223-4014-64E9-9F67-6F8855FE8A3C%7D&AppID=UEEditor.Rocket.Release&AppVersion=4.23.0-8386587%2B%2B%2BUE4%2BRelease-4.23&UserID=e21aca4741a0c492adf396b35ac07248%7Cf521cf8c67e04567b2af40f8edf327fe%7C4a81b2cd-1032-4f99-aade-da3ab374ab69&AppEnvironment=datacollector-binary&UploadType=eteventstream, HTTP code: 0, content length: -1, actual payload size: 0
[2019.09.21-21.34.37:893][286]LogHttp: Warning: 000002AD0F5BD800: request failed, libcurl error: 0 (No error)
[2019.09.21-21.34.37:893][286]LogHttp: Warning: 000002AD0F5BD800: libcurl info message cache 0 (Found bundle for host datarouter.ol.epicgames.com: 0x2ad2cceff70 [can pipeline])
[2019.09.21-21.34.37:893][286]LogHttp: Warning: 000002AD0F5BD800: libcurl info message cache 1 (Re-using existing connection! (#1) with host datarouter.ol.epicgames.com)
[2019.09.21-21.34.37:893][286]LogHttp: Warning: 000002AD0F5BD800: libcurl info message cache 2 (Connected to datarouter.ol.epicgames.com (107.23.186.239) port 443 (#1))
[2019.09.21-21.34.37:893][286]LogHttp: Warning: 000002AD0F5BD800: libcurl info message cache 3 (We are completely uploaded and fine)
[2019.09.21-21.34.37:893][286]LogHttp: Warning: 000002AD0F5BD800: libcurl info message cache 4 (TLSv1.2 (IN), TLS alert, Client hello (1):)
[2019.09.21-21.34.37:893][286]LogHttp: Warning: 000002AD0F5BD800: libcurl info message cache 5 (Connection died, retrying a fresh connect)
[2019.09.21-21.34.37:893][286]LogHttp: Warning: 000002AD0F5BD800: libcurl info message cache 6 (necessary data rewind wasn't possible)
[2019.09.21-21.34.37:893][286]LogHttp: Warning: 000002AD0F5BD800: libcurl info message cache 7 (Closing connection 1)
[2019.09.21-21.34.37:893][286]LogHttp: Warning: 000002AD0F5BD800: libcurl info message cache 8 (TLSv1.2 (OUT), TLS alert, Client hello (1):)
[2019.09.21-21.34.37:893][286]LogHttp: Warning: Retry exhausted on https://datarouter.ol.epicgames.com/datarouter/api/v1/public/data?SessionID=%7B4BF9C223-4014-64E9-9F67-6F8855FE8A3C%7D&AppID=UEEditor.Rocket.Release&AppVersion=4.23.0-8386587%2B%2B%2BUE4%2BRelease-4.23&UserID=e21aca4741a0c492adf396b35ac07248%7Cf521cf8c67e04567b2af40f8edf327fe%7C4a81b2cd-1032-4f99-aade-da3ab374ab69&AppEnvironment=datacollector-binary&UploadType=eteventstream
[2019.09.21-21.34.44:005][652]BlueprintLog: New page: Compile BP_Vintage
[2019.09.21-21.34.44:204][652]LogUObjectHash: Compacting FUObjectHashTables data took   3.35ms
[2019.09.21-21.34.44:876][691]Cmd: OBJ SAVEPACKAGE PACKAGE="/Game/Blueprints/BP_Vintage" FILE="../../../../../../Users/Rion Cole/Desktop/IS-2019/IS2019/Content/Blueprints/BP_Vintage.uasset" SILENT=true
[2019.09.21-21.34.44:901][691]LogSavePackage: Moving '../../../../../../Users/Rion Cole/Desktop/IS-2019/IS2019/Saved/BP_Vintage03AC5E6746CCE1D6E1115AA12BEF3B39.tmp' to '../../../../../../Users/Rion Cole/Desktop/IS-2019/IS2019/Content/Blueprints/BP_Vintage.uasset'
[2019.09.21-21.35.12:651][356]LogEditorViewport: Clicking on Actor (LMB): PlayerStart (Player Start)
[2019.09.21-21.35.12:756][361]LogEditorViewport: Clicking on Component (LMB): CapsuleComponent (CollisionCapsule)
[2019.09.21-21.35.15:999][555]LogNavigationPoint: PostEditMove Clear paths rebuilt
[2019.09.21-21.35.17:193][626]Cmd: TRANSACTION UNDO
[2019.09.21-21.35.17:193][626]LogEditorTransaction: Undo Clicking on Components
[2019.09.21-21.35.25:839][144]LogNavigationPoint: PostEditMove Clear paths rebuilt
[2019.09.21-21.35.27:460][241]LogNavigationPoint: PostEditMove Clear paths rebuilt
[2019.09.21-21.35.33:767][619]LogNavigationPoint: PostEditMove Clear paths rebuilt
[2019.09.21-21.35.40:310][ 11]LogNavigationPoint: PostEditMove Clear paths rebuilt
[2019.09.21-21.35.42:296][130]LogSlate: FSceneViewport::OnFocusLost() reason 0
[2019.09.21-21.35.42:427][137]Cmd: OBJ SAVEPACKAGE PACKAGE="/Game/Maps/RionAITestScene" FILE="../../../../../../Users/Rion Cole/Desktop/IS-2019/IS2019/Content/Maps/RionAITestScene.umap" SILENT=true AUTOSAVING=false KEEPDIRTY=false
[2019.09.21-21.35.42:457][137]LogUObjectHash: Compacting FUObjectHashTables data took   2.76ms
[2019.09.21-21.35.42:640][137]LogSavePackage: Moving '../../../../../../Users/Rion Cole/Desktop/IS-2019/IS2019/Saved/RionAITestSceneC59136524089977C08FFE797A51CE17A.tmp' to '../../../../../../Users/Rion Cole/Desktop/IS-2019/IS2019/Content/Maps/RionAITestScene.umap'
[2019.09.21-21.35.45:484][306]LogTemp: Repeating last play command: Selected Viewport
[2019.09.21-21.35.45:496][306]LogBlueprintUserMessages: Early PlayInEditor Detection: Level '/Game/Maps/RionAITestScene.RionAITestScene:PersistentLevel' has LevelScriptBlueprint '/Game/Maps/RionAITestScene.RionAITestScene:PersistentLevel.RionAITestScene' with GeneratedClass '/Game/Maps/RionAITestScene.RionAITestScene_C' with ClassGeneratedBy '/Game/Maps/RionAITestScene.RionAITestScene:PersistentLevel.RionAITestScene'
[2019.09.21-21.35.45:496][306]LogPlayLevel: PlayLevel: No blueprints needed recompiling
[2019.09.21-21.35.45:497][306]PIE: New page: PIE session: RionAITestScene (Sep 21, 2019, 9:35:45 AM)
[2019.09.21-21.35.45:497][306]LogPlayLevel: Creating play world package: /Game/Maps/UEDPIE_0_RionAITestScene
[2019.09.21-21.35.45:503][306]LogPlayLevel: PIE: StaticDuplicateObject took: (0.006211s)
[2019.09.21-21.35.45:504][306]LogAIModule: Creating AISystem for world RionAITestScene
[2019.09.21-21.35.45:504][306]LogPlayLevel: PIE: World Init took: (0.001075s)
[2019.09.21-21.35.45:504][306]LogPlayLevel: PIE: Created PIE world by copying editor world from /Game/Maps/RionAITestScene.RionAITestScene to /Game/Maps/UEDPIE_0_RionAITestScene.RionAITestScene (0.007445s)
[2019.09.21-21.35.45:533][306]LogUObjectHash: Compacting FUObjectHashTables data took   2.75ms
[2019.09.21-21.35.45:546][306]LogInit: XAudio2 using 'Speakers (Realtek High Definition Audio)' : 6 channels at 48 kHz using 32 bits per sample (channel mask 0x3f)
[2019.09.21-21.35.45:591][306]LogInit: FAudioDevice initialized.
[2019.09.21-21.35.45:595][306]LogLoad: Game class is 'IS2019GameMode'
[2019.09.21-21.35.45:598][306]LogWorld: Bringing World /Game/Maps/UEDPIE_0_RionAITestScene.RionAITestScene up for play (max tick rate 60) at 2019.09.21-15.35.45
[2019.09.21-21.35.45:598][306]LogWorld: Bringing up level for play took: 0.001972
[2019.09.21-21.35.45:598][306]LogOnline: OSS: Creating online subsystem instance for: :Context_6
[2019.09.21-21.35.45:602][306]PIE: Play in editor start time for /Game/Maps/UEDPIE_0_RionAITestScene 0.374
[2019.09.21-21.35.45:602][306]LogBlueprintUserMessages: Late PlayInEditor Detection: Level '/Game/Maps/RionAITestScene.RionAITestScene:PersistentLevel' has LevelScriptBlueprint '/Game/Maps/RionAITestScene.RionAITestScene:PersistentLevel.RionAITestScene' with GeneratedClass '/Game/Maps/RionAITestScene.RionAITestScene_C' with ClassGeneratedBy '/Game/Maps/RionAITestScene.RionAITestScene:PersistentLevel.RionAITestScene'
[2019.09.21-21.36.02:394][313]LogBlueprintUserMessages: Early EndPlayMap Detection: Level '/Game/Maps/RionAITestScene.RionAITestScene:PersistentLevel' has LevelScriptBlueprint '/Game/Maps/RionAITestScene.RionAITestScene:PersistentLevel.RionAITestScene' with GeneratedClass '/Game/Maps/RionAITestScene.RionAITestScene_C' with ClassGeneratedBy '/Game/Maps/RionAITestScene.RionAITestScene:PersistentLevel.RionAITestScene'
[2019.09.21-21.36.02:394][313]LogSlate: Updating window title bar state: overlay mode, drag disabled, window buttons hidden, title bar hidden
[2019.09.21-21.36.02:394][313]LogWorld: BeginTearingDown for /Game/Maps/UEDPIE_0_RionAITestScene
[2019.09.21-21.36.02:395][313]LogWorld: UWorld::CleanupWorld for RionAITestScene, bSessionEnded=true, bCleanupResources=true
[2019.09.21-21.36.02:406][313]LogPlayLevel: Display: Shutting down PIE online subsystems
[2019.09.21-21.36.02:407][313]LogBlueprintUserMessages: Late EndPlayMap Detection: Level '/Game/Maps/RionAITestScene.RionAITestScene:PersistentLevel' has LevelScriptBlueprint '/Game/Maps/RionAITestScene.RionAITestScene:PersistentLevel.RionAITestScene' with GeneratedClass '/Game/Maps/RionAITestScene.RionAITestScene_C' with ClassGeneratedBy '/Game/Maps/RionAITestScene.RionAITestScene:PersistentLevel.RionAITestScene'
[2019.09.21-21.36.02:443][313]LogSlate: Updating window title bar state: overlay mode, drag disabled, window buttons hidden, title bar hidden
[2019.09.21-21.36.02:447][313]LogUObjectHash: Compacting FUObjectHashTables data took   3.22ms
[2019.09.21-21.36.02:498][316]LogPlayLevel: Display: Destroying online subsystem :Context_6
